NETBEGIN 1
CLUBEGIN 1
PERBEGIN 1
CLSBEGIN 1
HIEBEGIN 1
VECBEGIN 1

% Reading Network   ---    C:\Users\alefr\Desktop\MESTRADO Alef\Análise de Dados\Conselhos de Política de Belo Horizonte.txt
N 1 RDN "C:\Users\alefr\Desktop\MESTRADO Alef\Análise de Dados\Conselhos de Política de Belo Horizonte.txt" (870)
E 1 CIRCULAR
E 1 DRAW 0 0 0 0 0
E 1 KAMADACOMP
% Partition into Two Modes
C 1 TWOMODEC 1 (870)
% Generating 1-mode network from 2-mode network
N 2 AFFILMULT 1 TRUE FALSE 1 (22)
% Generating 1-mode network from 2-mode network
N 3 AFFILMULT 1 FALSE FALSE 1 (848)
E 2 DRAW 0 0 0 0 0
E 3 DRAW 0 0 0 0 0
% All degree centrality of 3. Network from COLS [MUL] in affiliation network N1 (848)
V 1 DEGV 3 [2] (848)
E 3 DRAW 0 1 0 0 0
% Removing lines with low values
N 4 REMLINL 3 2.0000 (848)
E 4 DRAW 0 1 0 0 0
E 4 DRAW 0 1 0 0 0
E 4 DRAW 0 0 0 0 0
% Removing lines with low values
N 5 REMLINL 4 5.0000 (848)
E 5 DRAW 0 0 0 0 0
E 5 CIRCULAR
E 5 DRAW 0 0 0 0 0
E 4 DRAW 0 0 0 0 0
E 4 KAMADACOMP
% Removing multiple lines
E 5 DRAW 0 0 0 0 0
E 5 DRAW 0 0 0 0 0
