NETBEGIN 1
CLUBEGIN 1
PERBEGIN 1
CLSBEGIN 1
HIEBEGIN 1
VECBEGIN 1

% Reading Pajek Project File  ---    C:\Users\alefr\Desktop\MESTRADO Alef\Análise de Dados\Análise de Redes - ARS\Analise-redes-pessoais\Alef.paj
% Reading Network   ---    C:\Users\alefr\Desktop\MESTRADO Alef\Análise de Dados\Redes\Alef.net
% Reading Partition   ---    Complete-All neighbours of vertex 1 in N1
% Reading Partition   ---    BlockModel [Structural Equivalence] of N1 [1]
% Reading Vector   ---    All Degree of N1
% Reading Vector   ---    Distribution of Distances in N1
% Reading Vector   ---    All Degree of N1
% Reading Vector   ---    All Degree of N1
% Reading Vector   ---    Normalized V3 according to its Max
% Reading Vector   ---    All closeness centrality in N1
% Reading Vector   ---    Betweenness centrality in N1
N 9999 RDPAJ "C:\Users\alefr\Desktop\MESTRADO Alef\Análise de Dados\Análise de Redes - ARS\Analise-redes-pessoais\Alef.paj"
C 2 CLUNAME Esfera da Vida
% Blockmodeling - Standard Version
C 3 BLOCKMODEL1M 1 (45)
E 1 DRAW 3 0 0 0 0
E 1 DRAW 3 1 0 0 0
% Saving network to file   ---    C:\Users\alefr\Desktop\MESTRADO Alef\Análise de Dados\Análise de Redes - ARS\Analise-redes-pessoais\Alef.paj
% Saving partition to file   ---    C:\Users\alefr\Desktop\MESTRADO Alef\Análise de Dados\Análise de Redes - ARS\Analise-redes-pessoais\Alef.paj
% Saving partition to file   ---    C:\Users\alefr\Desktop\MESTRADO Alef\Análise de Dados\Análise de Redes - ARS\Analise-redes-pessoais\Alef.paj
% Saving partition to file   ---    C:\Users\alefr\Desktop\MESTRADO Alef\Análise de Dados\Análise de Redes - ARS\Analise-redes-pessoais\Alef.paj
% Saving vector to file   ---    C:\Users\alefr\Desktop\MESTRADO Alef\Análise de Dados\Análise de Redes - ARS\Analise-redes-pessoais\Alef.paj
% Saving vector to file   ---    C:\Users\alefr\Desktop\MESTRADO Alef\Análise de Dados\Análise de Redes - ARS\Analise-redes-pessoais\Alef.paj
% Saving vector to file   ---    C:\Users\alefr\Desktop\MESTRADO Alef\Análise de Dados\Análise de Redes - ARS\Analise-redes-pessoais\Alef.paj
% Saving vector to file   ---    C:\Users\alefr\Desktop\MESTRADO Alef\Análise de Dados\Análise de Redes - ARS\Analise-redes-pessoais\Alef.paj
% Saving vector to file   ---    C:\Users\alefr\Desktop\MESTRADO Alef\Análise de Dados\Análise de Redes - ARS\Analise-redes-pessoais\Alef.paj
% Saving vector to file   ---    C:\Users\alefr\Desktop\MESTRADO Alef\Análise de Dados\Análise de Redes - ARS\Analise-redes-pessoais\Alef.paj
% Saving vector to file   ---    C:\Users\alefr\Desktop\MESTRADO Alef\Análise de Dados\Análise de Redes - ARS\Analise-redes-pessoais\Alef.paj
N 9999 WRPAJ "C:\Users\alefr\Desktop\MESTRADO Alef\Análise de Dados\Análise de Redes - ARS\Analise-redes-pessoais\Alef.paj"
% Shrinking
N 2 SHR 1 3 [1 ,0,1] (5)
E 2 DRAW 4 0 0 0 0
E 2 DRAW 0 0 0 0 0
E 2 DRAW 4 0 0 0 0
E 2 DRAW 4 0 0 0 0
E 2 DRAW 4 0 0 0 0
E 2 DRAW 4 0 0 0 0
% Saving network to file   ---    C:\Users\alefr\Desktop\MESTRADO Alef\Análise de Dados\Análise de Redes - ARS\Analise-redes-pessoais\Alef.paj
% Saving network to file   ---    C:\Users\alefr\Desktop\MESTRADO Alef\Análise de Dados\Análise de Redes - ARS\Analise-redes-pessoais\Alef.paj
% Saving partition to file   ---    C:\Users\alefr\Desktop\MESTRADO Alef\Análise de Dados\Análise de Redes - ARS\Analise-redes-pessoais\Alef.paj
% Saving partition to file   ---    C:\Users\alefr\Desktop\MESTRADO Alef\Análise de Dados\Análise de Redes - ARS\Analise-redes-pessoais\Alef.paj
% Saving partition to file   ---    C:\Users\alefr\Desktop\MESTRADO Alef\Análise de Dados\Análise de Redes - ARS\Analise-redes-pessoais\Alef.paj
% Saving partition to file   ---    C:\Users\alefr\Desktop\MESTRADO Alef\Análise de Dados\Análise de Redes - ARS\Analise-redes-pessoais\Alef.paj
% Saving vector to file   ---    C:\Users\alefr\Desktop\MESTRADO Alef\Análise de Dados\Análise de Redes - ARS\Analise-redes-pessoais\Alef.paj
% Saving vector to file   ---    C:\Users\alefr\Desktop\MESTRADO Alef\Análise de Dados\Análise de Redes - ARS\Analise-redes-pessoais\Alef.paj
% Saving vector to file   ---    C:\Users\alefr\Desktop\MESTRADO Alef\Análise de Dados\Análise de Redes - ARS\Analise-redes-pessoais\Alef.paj
% Saving vector to file   ---    C:\Users\alefr\Desktop\MESTRADO Alef\Análise de Dados\Análise de Redes - ARS\Analise-redes-pessoais\Alef.paj
% Saving vector to file   ---    C:\Users\alefr\Desktop\MESTRADO Alef\Análise de Dados\Análise de Redes - ARS\Analise-redes-pessoais\Alef.paj
% Saving vector to file   ---    C:\Users\alefr\Desktop\MESTRADO Alef\Análise de Dados\Análise de Redes - ARS\Analise-redes-pessoais\Alef.paj
% Saving vector to file   ---    C:\Users\alefr\Desktop\MESTRADO Alef\Análise de Dados\Análise de Redes - ARS\Analise-redes-pessoais\Alef.paj
N 9999 WRPAJ "C:\Users\alefr\Desktop\MESTRADO Alef\Análise de Dados\Análise de Redes - ARS\Analise-redes-pessoais\Alef.paj"
% Saving network to file   ---    C:\Users\alefr\Desktop\MESTRADO Alef\Análise de Dados\Análise de Redes - ARS\Analise-redes-pessoais\Alef.paj
% Saving network to file   ---    C:\Users\alefr\Desktop\MESTRADO Alef\Análise de Dados\Análise de Redes - ARS\Analise-redes-pessoais\Alef.paj
% Saving partition to file   ---    C:\Users\alefr\Desktop\MESTRADO Alef\Análise de Dados\Análise de Redes - ARS\Analise-redes-pessoais\Alef.paj
% Saving partition to file   ---    C:\Users\alefr\Desktop\MESTRADO Alef\Análise de Dados\Análise de Redes - ARS\Analise-redes-pessoais\Alef.paj
% Saving partition to file   ---    C:\Users\alefr\Desktop\MESTRADO Alef\Análise de Dados\Análise de Redes - ARS\Analise-redes-pessoais\Alef.paj
% Saving partition to file   ---    C:\Users\alefr\Desktop\MESTRADO Alef\Análise de Dados\Análise de Redes - ARS\Analise-redes-pessoais\Alef.paj
% Saving vector to file   ---    C:\Users\alefr\Desktop\MESTRADO Alef\Análise de Dados\Análise de Redes - ARS\Analise-redes-pessoais\Alef.paj
% Saving vector to file   ---    C:\Users\alefr\Desktop\MESTRADO Alef\Análise de Dados\Análise de Redes - ARS\Analise-redes-pessoais\Alef.paj
% Saving vector to file   ---    C:\Users\alefr\Desktop\MESTRADO Alef\Análise de Dados\Análise de Redes - ARS\Analise-redes-pessoais\Alef.paj
% Saving vector to file   ---    C:\Users\alefr\Desktop\MESTRADO Alef\Análise de Dados\Análise de Redes - ARS\Analise-redes-pessoais\Alef.paj
% Saving vector to file   ---    C:\Users\alefr\Desktop\MESTRADO Alef\Análise de Dados\Análise de Redes - ARS\Analise-redes-pessoais\Alef.paj
% Saving vector to file   ---    C:\Users\alefr\Desktop\MESTRADO Alef\Análise de Dados\Análise de Redes - ARS\Analise-redes-pessoais\Alef.paj
% Saving vector to file   ---    C:\Users\alefr\Desktop\MESTRADO Alef\Análise de Dados\Análise de Redes - ARS\Analise-redes-pessoais\Alef.paj
N 9999 WRPAJ "C:\Users\alefr\Desktop\MESTRADO Alef\Análise de Dados\Análise de Redes - ARS\Analise-redes-pessoais\Alef.paj"
